(THU.CST) os is loading ...

Special kernel symbols:
  entry  0x00100000 (phys)
  etext  0x00103426 (phys)
  edata  0x0010ea16 (phys)
  end    0x0010fd20 (phys)
Kernel executable memory footprint: 64KB
ebp:0x00007b38 eip:0x00100a3d args: 0x00010094 0x00010094 0x00007b68 0x0010007f
    kern/debug/kdebug.c:306: print_stackframe+22
ebp:0x00007b48 eip:0x00100d27 args: 0x00000000 0x00000000 0x00000000 0x00007bb8
    kern/debug/kmonitor.c:125: mon_backtrace+10
ebp:0x00007b68 eip:0x0010007f args: 0x00000000 0x00007b90 0xffff0000 0x00007b94
    kern/init/init.c:48: grade_backtrace2+19
ebp:0x00007b88 eip:0x001000a1 args: 0x00000000 0xffff0000 0x00007bb4 0x00000029
    kern/init/init.c:53: grade_backtrace1+27
ebp:0x00007ba8 eip:0x001000be args: 0x00000000 0x00100000 0xffff0000 0x00100043
    kern/init/init.c:58: grade_backtrace0+19
ebp:0x00007bc8 eip:0x001000df args: 0x00000000 0x00000000 0x00000000 0x00103440
    kern/init/init.c:63: grade_backtrace+26
ebp:0x00007be8 eip:0x00100050 args: 0x00000000 0x00000000 0x00000000 0x00007c4f
    kern/init/init.c:28: kern_init+79
ebp:0x00007bf8 eip:0x00007d6e args: 0xc031fcfa 0xc08ed88e 0x64e4d08e 0xfa7502a8
    <unknow>: -- 0x00007d6d --
++ setup timer interrupts
100 ticks
End of Test.
kernel panic at kern/trap/trap.c:18:
    EOT: kernel seems ok.
stack trackback:
ebp:0x00007b00 eip:0x00100a3d args: 0x00007d6e 0x00100a3d 0x00007b2c 0x00007b34
    kern/debug/kdebug.c:306: print_stackframe+22
ebp:0x00007b20 eip:0x0010040f args: 0x001037ee 0x00000012 0x001037d8 0x00010094
    kern/debug/panic.c:27: __panic+107
ebp:0x00007b40 eip:0x00101813 args: 0x00103781 0x00007ba4 0x00000000 0x00000000
    kern/trap/trap.c:18: print_ticks+59
ebp:0x00007b60 eip:0x00101ccf args: 0x00007b8c 0x00100258 0x00103766 0x00007ba4
    kern/trap/trap.c:160: trap_dispatch+101
ebp:0x00007b80 eip:0x00101d81 args: 0x00007b8c 0x00000000 0x00010094 0x00007be8
    kern/trap/trap.c:197: trap+16
ebp:0x00007be8 eip:0x0010280f args: 0x00000000 0x00000000 0x00000000 0x00007c4f
    kern/trap/trapentry.S:24: <unknown>+0
ebp:0x00007bf8 eip:0x00007d6e args: 0xc031fcfa 0xc08ed88e 0x64e4d08e 0xfa7502a8
    <unknow>: -- 0x00007d6d --
Welcome to the kernel debug monitor!!
Type 'help' for a list of commands.
K> 